<?xml version="1.0" encoding="UTF-8"?>
<!-- Generated by org.testng.reporters.JUnitReportReporter -->
<testsuite skipped="0" hostname="Ramki" name="myRunner.TestRunner" tests="1" failures="0" timestamp="07 Sep 2020 04:22:53 GMT" time="12.140" errors="0">
  <testcase name="feature" time="12.140" classname="myRunner.TestRunner"/>
</testsuite> <!-- myRunner.TestRunner -->
